TN:
SF:./app/scripts/app.js
FN:1,(anonymous_1)
FN:22,(anonymous_2)
FNF:2
FNH:1
FNDA:1,(anonymous_1)
FNDA:0,(anonymous_2)
DA:1,1
DA:3,1
DA:4,1
DA:23,0
DA:25,1
LF:5
LH:4
BRF:0
BRH:0
end_of_record
TN:
SF:./app/scripts/controllers/charts-controller.js
FN:30,(anonymous_1)
FN:62,(anonymous_2)
FN:66,(anonymous_3)
FN:94,(anonymous_4)
FN:95,(anonymous_5)
FN:96,(anonymous_6)
FN:103,(anonymous_7)
FN:108,(anonymous_8)
FNF:8
FNH:0
FNDA:0,(anonymous_1)
FNDA:0,(anonymous_2)
FNDA:0,(anonymous_3)
FNDA:0,(anonymous_4)
FNDA:0,(anonymous_5)
FNDA:0,(anonymous_6)
FNDA:0,(anonymous_7)
FNDA:0,(anonymous_8)
DA:27,1
DA:31,0
DA:33,0
DA:34,0
DA:35,0
DA:40,0
DA:41,0
DA:44,0
DA:45,0
DA:50,0
DA:51,0
DA:54,0
DA:55,0
DA:58,0
DA:59,0
DA:60,0
DA:62,0
DA:63,0
DA:66,0
DA:67,0
DA:71,0
DA:72,0
DA:76,0
DA:94,0
DA:95,0
DA:96,0
DA:97,0
DA:98,0
DA:103,0
DA:104,0
DA:108,0
DA:109,0
LF:32
LH:1
BRDA:63,1,0,0
BRDA:63,1,1,0
BRDA:98,2,0,0
BRDA:98,2,1,0
BRDA:98,3,0,0
BRDA:98,3,1,0
BRF:6
BRH:0
end_of_record
TN:
SF:./app/scripts/controllers/components-controller.js
FN:30,(anonymous_1)
FN:59,(anonymous_2)
FN:72,(anonymous_3)
FN:77,(anonymous_4)
FN:82,(anonymous_5)
FN:86,(anonymous_6)
FN:91,(anonymous_7)
FN:123,(anonymous_8)
FN:145,(anonymous_9)
FN:152,(anonymous_10)
FN:158,(anonymous_11)
FN:160,(anonymous_12)
FN:165,(anonymous_13)
FN:176,(anonymous_14)
FN:202,(anonymous_15)
FN:210,(anonymous_16)
FN:214,(anonymous_17)
FN:218,(anonymous_18)
FN:226,(anonymous_19)
FN:235,(anonymous_20)
FN:239,(anonymous_21)
FN:254,(anonymous_22)
FN:320,(anonymous_23)
FN:1379,(anonymous_24)
FN:1386,(anonymous_25)
FN:1389,(anonymous_26)
FN:1395,(anonymous_27)
FN:1396,(anonymous_28)
FN:1400,(anonymous_29)
FNF:29
FNH:0
FNDA:0,(anonymous_1)
FNDA:0,(anonymous_2)
FNDA:0,(anonymous_3)
FNDA:0,(anonymous_4)
FNDA:0,(anonymous_5)
FNDA:0,(anonymous_6)
FNDA:0,(anonymous_7)
FNDA:0,(anonymous_8)
FNDA:0,(anonymous_9)
FNDA:0,(anonymous_10)
FNDA:0,(anonymous_11)
FNDA:0,(anonymous_12)
FNDA:0,(anonymous_13)
FNDA:0,(anonymous_14)
FNDA:0,(anonymous_15)
FNDA:0,(anonymous_16)
FNDA:0,(anonymous_17)
FNDA:0,(anonymous_18)
FNDA:0,(anonymous_19)
FNDA:0,(anonymous_20)
FNDA:0,(anonymous_21)
FNDA:0,(anonymous_22)
FNDA:0,(anonymous_23)
FNDA:0,(anonymous_24)
FNDA:0,(anonymous_25)
FNDA:0,(anonymous_26)
FNDA:0,(anonymous_27)
FNDA:0,(anonymous_28)
FNDA:0,(anonymous_29)
DA:27,1
DA:31,0
DA:34,0
DA:35,0
DA:46,0
DA:50,0
DA:57,0
DA:58,0
DA:59,0
DA:60,0
DA:61,0
DA:66,0
DA:67,0
DA:72,0
DA:73,0
DA:75,0
DA:77,0
DA:78,0
DA:82,0
DA:83,0
DA:86,0
DA:87,0
DA:89,0
DA:91,0
DA:92,0
DA:93,0
DA:95,0
DA:98,0
DA:105,0
DA:106,0
DA:108,0
DA:109,0
DA:110,0
DA:111,0
DA:112,0
DA:123,0
DA:124,0
DA:125,0
DA:127,0
DA:128,0
DA:130,0
DA:131,0
DA:136,0
DA:141,0
DA:143,0
DA:145,0
DA:146,0
DA:153,0
DA:158,0
DA:161,0
DA:165,0
DA:166,0
DA:173,0
DA:174,0
DA:176,0
DA:177,0
DA:180,0
DA:181,0
DA:182,0
DA:186,0
DA:187,0
DA:191,0
DA:202,0
DA:203,0
DA:208,0
DA:210,0
DA:211,0
DA:214,0
DA:215,0
DA:218,0
DA:219,0
DA:220,0
DA:221,0
DA:225,0
DA:226,0
DA:227,0
DA:231,0
DA:236,0
DA:239,0
DA:241,0
DA:242,0
DA:244,0
DA:245,0
DA:249,0
DA:252,0
DA:254,0
DA:255,0
DA:319,0
DA:320,0
DA:321,0
DA:322,0
DA:328,0
DA:329,0
DA:392,0
DA:394,0
DA:395,0
DA:396,0
DA:397,0
DA:398,0
DA:400,0
DA:401,0
DA:1378,0
DA:1379,0
DA:1380,0
DA:1381,0
DA:1383,0
DA:1385,0
DA:1386,0
DA:1387,0
DA:1389,0
DA:1390,0
DA:1396,0
DA:1397,0
DA:1399,0
DA:1400,0
DA:1401,0
DA:1403,0
DA:1404,0
DA:1405,0
DA:1406,0
DA:1407,0
DA:1408,0
DA:1409,0
DA:1413,0
DA:1414,0
DA:1419,0
DA:1422,0
LF:127
LH:1
BRDA:83,1,0,0
BRDA:83,1,1,0
BRDA:83,1,2,0
BRDA:87,2,0,0
BRDA:87,2,1,0
BRDA:124,3,0,0
BRDA:124,3,1,0
BRDA:130,4,0,0
BRDA:130,4,1,0
BRDA:241,5,0,0
BRDA:241,5,1,0
BRDA:241,6,0,0
BRDA:241,6,1,0
BRDA:244,7,0,0
BRDA:244,7,1,0
BRDA:244,8,0,0
BRDA:244,8,1,0
BRDA:1380,9,0,0
BRDA:1380,9,1,0
BRDA:1399,10,0,0
BRDA:1399,10,1,0
BRDA:1407,11,0,0
BRDA:1407,11,1,0
BRDA:1413,12,0,0
BRDA:1413,12,1,0
BRF:25
BRH:0
end_of_record
TN:
SF:./app/scripts/controllers/home-controller.js
FN:6,(anonymous_1)
FNF:1
FNH:1
FNDA:1,(anonymous_1)
DA:3,1
DA:7,1
DA:9,1
LF:3
LH:3
BRF:0
BRH:0
end_of_record
TN:
SF:./app/scripts/controllers/modal-controller.js
FN:6,(anonymous_1)
FN:13,(anonymous_2)
FN:17,(anonymous_3)
FNF:3
FNH:0
FNDA:0,(anonymous_1)
FNDA:0,(anonymous_2)
FNDA:0,(anonymous_3)
DA:3,1
DA:8,0
DA:9,0
DA:13,0
DA:14,0
DA:17,0
DA:18,0
LF:7
LH:1
BRF:0
BRH:0
end_of_record
TN:
SF:./app/scripts/states/app-states.js
FN:13,(anonymous_1)
FNF:1
FNH:0
FNDA:0,(anonymous_1)
DA:10,1
DA:20,0
DA:41,0
LF:3
LH:1
BRF:0
BRH:0
end_of_record
